<?xml version="1.0" encoding="UTF-8"?>
<!-- Generated by org.testng.reporters.JUnitXMLReporter -->
<testsuite hostname="ARUNPRASADs-MacBook-Pro.local" name="amazon test" tests="2" failures="0" timestamp="30 Apr 2020 12:04:11 GMT" time="1.275" errors="0">
  <testcase name="@BeforeClass setup" time="0.0" classname="com.selenium.framework.testCases.Login">
    <failure type="java.lang.NullPointerException">
      <![CDATA[java.lang.NullPointerException
	at com.selenium.framework.testCases.BaseClass.setup(BaseClass.java:41)
... Removed 24 stack frames]]>
    </failure>
  </testcase> <!-- @BeforeClass setup -->
  <testcase name="@AfterClass tearDown" time="0.0" classname="com.selenium.framework.testCases.Login">
    <skipped/>
  </testcase> <!-- @AfterClass tearDown -->
  <testcase name="login" time="0.0" classname="com.selenium.framework.testCases.Login">
    <skipped/>
  </testcase> <!-- login -->
  <testcase name="loginValidation" time="0.008" classname="com.selenium.framework.testCases.Login">
    <skipped/>
  </testcase> <!-- loginValidation -->
</testsuite> <!-- amazon test -->
